
Log started: 2019-03-26  21:52:23
Selecting previously unselected package gdbm.
(Reading database ... (Reading database ... 25%(Reading database ... 40%(Reading database ... 55%(Reading database ... 70%(Reading database ... 85%(Reading database ... 100%(Reading database ... 416 files and directories currently installed.)
Preparing to unpack .../0-gdbm_1.18.1_x86%5f64.deb ...
Unpacking gdbm (1.18.1) ...
Selecting previously unselected package libcrypt.
Preparing to unpack .../1-libcrypt_0.2-1_x86%5f64.deb ...
Unpacking libcrypt (0.2-1) ...
Selecting previously unselected package libffi.
Preparing to unpack .../2-libffi_3.2.1-2_x86%5f64.deb ...
Unpacking libffi (3.2.1-2) ...
Selecting previously unselected package libsqlite.
Preparing to unpack .../3-libsqlite_3.27.2_x86%5f64.deb ...
Unpacking libsqlite (3.27.2) ...
Selecting previously unselected package libutil.
Preparing to unpack .../4-libutil_0.4_x86%5f64.deb ...
Unpacking libutil (0.4) ...
Selecting previously unselected package ncurses-ui-libs.
Preparing to unpack .../5-ncurses-ui-libs_6.1.20181117-1_x86%5f64.deb ...
Unpacking ncurses-ui-libs (6.1.20181117-1) ...
Selecting previously unselected package python.
Preparing to unpack .../6-python_3.7.2-2_x86%5f64.deb ...
Unpacking python (3.7.2-2) ...
Setting up libutil (0.4) ...
Setting up ncurses-ui-libs (6.1.20181117-1) ...
Setting up gdbm (1.18.1) ...
Setting up libcrypt (0.2-1) ...
Setting up libsqlite (3.27.2) ...
Setting up libffi (3.2.1-2) ...
Setting up python (3.7.2-2) ...
Setting up pip...
Looking in links: /data/data/com.termux/files/usr/tmp/tmp3_98_aln
Collecting setuptools
Collecting pip
Installing collected packages: setuptools, pip
Successfully installed pip-18.1 setuptools-40.6.2
Log ended: 2019-03-26  21:52:35

Log started: 2019-03-26  22:05:39
Selecting previously unselected package less.
(Reading database ... (Reading database ... 5%(Reading database ... 20%(Reading database ... 25%(Reading database ... 40%(Reading database ... 45%(Reading database ... 60%(Reading database ... 65%(Reading database ... 80%(Reading database ... 85%(Reading database ... 100%(Reading database ... 1222 files and directories currently installed.)
Preparing to unpack .../less_530-2_x86%5f64.deb ...
Unpacking less (530-2) ...
Selecting previously unselected package pcre2.
Preparing to unpack .../pcre2_10.32_x86%5f64.deb ...
Unpacking pcre2 (10.32) ...
Selecting previously unselected package git.
Preparing to unpack .../git_2.21.0_x86%5f64.deb ...
Unpacking git (2.21.0) ...
Setting up less (530-2) ...
Setting up pcre2 (10.32) ...
Setting up git (2.21.0) ...
Log ended: 2019-03-26  22:05:41
